<?xml version="1.0" encoding="UTF-8"?>
<!-- Generated by org.testng.reporters.JUnitXMLReporter -->
<testsuite hostname="lvsongs-MacBook-Pro.local" name="Command line test 9a080990-9979-49b5-b12b-5fffd991a8c9" tests="2" failures="1" timestamp="19 Jun 2015 03:50:32 GMT" time="11.921" errors="0">
  <testcase name="testCase" time="2.721" classname="testcase.BaseTest">
    <failure type="org.openqa.selenium.ElementNotVisibleException" message="Element is not currently visible and so may not be interacted with
Command duration or timeout: 27 milliseconds
Build info: version: &amp;apos;unknown&amp;apos;, revision: &amp;apos;unknown&amp;apos;, time: &amp;apos;unknown&amp;apos;
System info: host: &amp;apos;lvsongs-MacBook-Pro.local&amp;apos;, ip: &amp;apos;192.168.15.191&amp;apos;, os.name: &amp;apos;Mac OS X&amp;apos;, os.arch: &amp;apos;x86_64&amp;apos;, os.version: &amp;apos;10.10.3&amp;apos;, java.version: &amp;apos;1.8.0_40&amp;apos;
Driver info: org.openqa.selenium.firefox.FirefoxDriver
Capabilities [{applicationCacheEnabled=true, rotatable=false, handlesAlerts=true, databaseEnabled=true, version=38.0.6, platform=MAC, nativeEvents=false, acceptSslCerts=true, webStorageEnabled=true, locationContextEnabled=true, browserName=firefox, takesScreenshot=true, javascriptEnabled=true, cssSelectorsEnabled=true}]
Session ID: 92357ec9-2867-0947-9f64-4e9d853fd237">
      <![CDATA[org.openqa.selenium.ElementNotVisibleException: Element is not currently visible and so may not be interacted with
Command duration or timeout: 27 milliseconds
Build info: version: 'unknown', revision: 'unknown', time: 'unknown'
System info: host: 'lvsongs-MacBook-Pro.local', ip: '192.168.15.191', os.name: 'Mac OS X', os.arch: 'x86_64', os.version: '10.10.3', java.version: '1.8.0_40'
Driver info: org.openqa.selenium.firefox.FirefoxDriver
Capabilities [{applicationCacheEnabled=true, rotatable=false, handlesAlerts=true, databaseEnabled=true, version=38.0.6, platform=MAC, nativeEvents=false, acceptSslCerts=true, webStorageEnabled=true, locationContextEnabled=true, browserName=firefox, takesScreenshot=true, javascriptEnabled=true, cssSelectorsEnabled=true}]
Session ID: 92357ec9-2867-0947-9f64-4e9d853fd237
	at org.openqa.selenium.remote.ErrorHandler.createThrowable(ErrorHandler.java:204)
	at org.openqa.selenium.remote.ErrorHandler.throwIfResponseFailed(ErrorHandler.java:156)
	at org.openqa.selenium.remote.RemoteWebDriver.execute(RemoteWebDriver.java:605)
	at org.openqa.selenium.remote.RemoteWebElement.execute(RemoteWebElement.java:269)
	at org.openqa.selenium.remote.RemoteWebElement.sendKeys(RemoteWebElement.java:90)
	at action.SendKeys.start(SendKeys.java:25)
	at testcase.OneTestCase.execute(OneTestCase.java:31)
	at testcase.BaseTest.testCase(BaseTest.java:56)
	at java.util.concurrent.FutureTask.run(FutureTask.java:266)
	at java.util.concurrent.Executors$RunnableAdapter.call(Executors.java:511)
	at java.util.concurrent.FutureTask.run(FutureTask.java:266)
	at java.util.concurrent.ThreadPoolExecutor.runWorker(ThreadPoolExecutor.java:1142)
	at java.util.concurrent.ThreadPoolExecutor$Worker.run(ThreadPoolExecutor.java:617)
	at java.lang.Thread.run(Thread.java:745)
Caused by: org.openqa.selenium.ElementNotVisibleException: Element is not currently visible and so may not be interacted with
Build info: version: 'unknown', revision: 'unknown', time: 'unknown'
System info: host: 'lvsongs-MacBook-Pro.local', ip: '192.168.15.191', os.name: 'Mac OS X', os.arch: 'x86_64', os.version: '10.10.3', java.version: '1.8.0_40'
Driver info: driver.version: unknown
	at <anonymous class>.fxdriver.preconditions.visible(file:///var/folders/nx/h4pqxb655vzgjv1ygl7_j03c0000gn/T/anonymous6963399888052521192webdriver-profile/extensions/fxdriver@googlecode.com/components/command-processor.js:9615)
	at <anonymous class>.DelayedCommand.prototype.checkPreconditions_(file:///var/folders/nx/h4pqxb655vzgjv1ygl7_j03c0000gn/T/anonymous6963399888052521192webdriver-profile/extensions/fxdriver@googlecode.com/components/command-processor.js:12265)
	at <anonymous class>.DelayedCommand.prototype.executeInternal_/h(file:///var/folders/nx/h4pqxb655vzgjv1ygl7_j03c0000gn/T/anonymous6963399888052521192webdriver-profile/extensions/fxdriver@googlecode.com/components/command-processor.js:12282)
	at <anonymous class>.DelayedCommand.prototype.executeInternal_(file:///var/folders/nx/h4pqxb655vzgjv1ygl7_j03c0000gn/T/anonymous6963399888052521192webdriver-profile/extensions/fxdriver@googlecode.com/components/command-processor.js:12287)
	at <anonymous class>.DelayedCommand.prototype.execute/<(file:///var/folders/nx/h4pqxb655vzgjv1ygl7_j03c0000gn/T/anonymous6963399888052521192webdriver-profile/extensions/fxdriver@googlecode.com/components/command-processor.js:12229)
... Removed 13 stack frames]]>
    </failure>
  </testcase> <!-- testCase -->
  <testcase name="testCase" time="8.541" classname="testcase.BaseTest"/>
</testsuite> <!-- Command line test 9a080990-9979-49b5-b12b-5fffd991a8c9 -->
